2022-07-25T12:05:10: PM2 log: ===============================================================================
2022-07-25T12:05:10: PM2 log: --- New PM2 Daemon started ----------------------------------------------------
2022-07-25T12:05:10: PM2 log: Time                 : Mon Jul 25 2022 12:05:10 GMT+0000 (Coordinated Universal Time)
2022-07-25T12:05:10: PM2 log: PM2 version          : 5.2.0
2022-07-25T12:05:10: PM2 log: Node.js version      : 12.22.9
2022-07-25T12:05:10: PM2 log: Current arch         : x64
2022-07-25T12:05:10: PM2 log: PM2 home             : /home/ubuntu/.pm2
2022-07-25T12:05:10: PM2 log: PM2 PID file         : /home/ubuntu/.pm2/pm2.pid
2022-07-25T12:05:10: PM2 log: RPC socket file      : /home/ubuntu/.pm2/rpc.sock
2022-07-25T12:05:10: PM2 log: BUS socket file      : /home/ubuntu/.pm2/pub.sock
2022-07-25T12:05:10: PM2 log: Application log path : /home/ubuntu/.pm2/logs
2022-07-25T12:05:10: PM2 log: Worker Interval      : 30000
2022-07-25T12:05:10: PM2 log: Process dump file    : /home/ubuntu/.pm2/dump.pm2
2022-07-25T12:05:10: PM2 log: Concurrent actions   : 2
2022-07-25T12:05:10: PM2 log: SIGTERM timeout      : 1600
2022-07-25T12:05:10: PM2 log: ===============================================================================
2022-07-25T12:05:33: PM2 log: App [index:0] starting in -fork mode-
2022-07-25T12:05:33: PM2 log: App [index:0] online
2022-07-25T14:56:27: PM2 log: pm2 has been killed by signal, dumping process list before exit...
2022-07-25T14:56:27: PM2 log: Deleting process 0
2022-07-25T14:56:27: PM2 log: Stopping app:index id:0
2022-07-25T14:56:27: PM2 log: App [index:0] exited with code [0] via signal [SIGHUP]
2022-07-25T14:56:27: PM2 log: pid=25047 msg=process killed
2022-07-25T14:56:27: PM2 log: Exited peacefully
